Detecting CXX compiler ABI info failed to compile with the following output:
Change Dir: D:/Projects/ChartOnGraphicsView/build/CMakeFiles/CMakeTmp

Run Build Command(s):C:/PROGRA~2/EMBARC~1/Studio/21.0/bin/make.exe -f Makefile cmTC_45d5c/fast && MAKE Version 5.43  Copyright (c) 1987, 2019 Embarcadero Technologies, Inc.
Error Makefile 10: Colon expected
*** 1 errors during make ***




Determining if the CXX compiler works failed with the following output:
Change Dir: D:/Projects/ChartOnGraphicsView/build/CMakeFiles/CMakeTmp

Run Build Command(s):C:/PROGRA~2/EMBARC~1/Studio/21.0/bin/make.exe -f Makefile cmTC_a9865/fast && MAKE Version 5.43  Copyright (c) 1987, 2019 Embarcadero Technologies, Inc.
Error Makefile 10: Colon expected
*** 1 errors during make ***



Detecting CXX compiler ABI info failed to compile with the following output:
Change Dir: D:/Projects/ChartOnGraphicsView/build/CMakeFiles/CMakeTmp

Run Build Command(s):C:/PROGRA~2/EMBARC~1/Studio/21.0/bin/make.exe -f Makefile cmTC_92ef5/fast && MAKE Version 5.43  Copyright (c) 1987, 2019 Embarcadero Technologies, Inc.
Error Makefile 10: Colon expected
*** 1 errors during make ***




Determining if the CXX compiler works failed with the following output:
Change Dir: D:/Projects/ChartOnGraphicsView/build/CMakeFiles/CMakeTmp

Run Build Command(s):C:/PROGRA~2/EMBARC~1/Studio/21.0/bin/make.exe -f Makefile cmTC_39e08/fast && MAKE Version 5.43  Copyright (c) 1987, 2019 Embarcadero Technologies, Inc.
Error Makefile 10: Colon expected
*** 1 errors during make ***



Detecting CXX compiler ABI info failed to compile with the following output:
Change Dir: D:/Projects/ChartOnGraphicsView/build/CMakeFiles/CMakeTmp

Run Build Command(s):C:/PROGRA~2/EMBARC~1/Studio/21.0/bin/make.exe -f Makefile cmTC_5c705/fast && MAKE Version 5.43  Copyright (c) 1987, 2019 Embarcadero Technologies, Inc.
Error Makefile 10: Colon expected
*** 1 errors during make ***




Determining if the CXX compiler works failed with the following output:
Change Dir: D:/Projects/ChartOnGraphicsView/build/CMakeFiles/CMakeTmp

Run Build Command(s):C:/PROGRA~2/EMBARC~1/Studio/21.0/bin/make.exe -f Makefile cmTC_b11ea/fast && MAKE Version 5.43  Copyright (c) 1987, 2019 Embarcadero Technologies, Inc.
Error Makefile 10: Colon expected
*** 1 errors during make ***



